<?xml version="1.0" encoding="UTF-8"?>
<!-- Generated by org.testng.reporters.JUnitReportReporter -->
<testsuite hostname="DESKTOP-IAADVH5" failures="0" tests="4" name="StepDegPkg.FbRunner" time="0.096" errors="0" timestamp="2025-03-05T15:44:04 IST" skipped="0">
  <testcase classname="StepDegPkg.FbRunner" name="runScenario" time="0.004"/>
  <testcase classname="StepDegPkg.FbRunner" name="runScenario" time="0.084"/>
  <testcase classname="StepDegPkg.FbRunner" name="runScenario" time="0.004"/>
  <testcase classname="StepDegPkg.FbRunner" name="runScenario" time="0.004"/>
</testsuite> <!-- StepDegPkg.FbRunner -->
