<?xml version="1.0" encoding="UTF-8"?>
<!-- Generated by org.testng.reporters.JUnitReportReporter -->
<testsuite hostname="DESKTOP-IAADVH5" failures="0" tests="1" name="TestCases.DemoLogin" time="0.014" errors="0" timestamp="2025-03-10T15:11:32 IST" skipped="0">
  <testcase classname="TestCases.DemoLogin" name="testLogin" time="0.014"/>
</testsuite> <!-- TestCases.DemoLogin -->
