<?xml version="1.0" encoding="UTF-8"?>
<!-- Generated by org.testng.reporters.JUnitReportReporter -->
<testsuite hostname="Shwetasah" failures="0" tests="1" name="StepDefPkg.RunnerFbLogin" time="12.093" errors="0" timestamp="2025-03-08T08:57:06 IST" skipped="0">
  <testcase classname="StepDefPkg.RunnerFbLogin" name="runScenario" time="12.093"/>
</testsuite> <!-- StepDefPkg.RunnerFbLogin -->
