<?xml version="1.0" encoding="UTF-8"?>
<!-- Generated by org.testng.reporters.JUnitReportReporter -->
<testsuite hostname="Shwetasah" failures="0" tests="1" name="StepDefPkg.RunnerFbLogin" time="13.767" errors="0" timestamp="2025-03-06T13:31:17 IST" skipped="0">
  <testcase classname="StepDefPkg.RunnerFbLogin" name="runScenario" time="13.767"/>
</testsuite> <!-- StepDefPkg.RunnerFbLogin -->
