<?xml version="1.0" encoding="UTF-8"?>
<!-- Generated by org.testng.reporters.JUnitReportReporter -->
<testsuite hostname="Shwetasah" failures="0" tests="2" name="com_4th_March.ListenerRun" time="13.682" errors="0" timestamp="2025-03-04T15:58:33 IST" skipped="0">
  <testcase classname="com_4th_March.ListenerRun" name="login" time="5.089"/>
  <testcase classname="com_4th_March.ListenerRun" name="Forgotpass" time="8.593"/>
</testsuite> <!-- com_4th_March.ListenerRun -->
